Success:
===BEGIN SIGNED DATA===
ChipSignature=6502_0.1
InputSha256=tpBn3l3lh5QsBWip2BQvLCDnt0WNDvd37v/6VXGQBa0=
a=0x0307 rwb=1 sync=0
a=0xFFFF rwb=1 sync=1
a=0x0308 rwb=1 sync=0
a=0x01D5 rwb=1 sync=0
a=0x01D4 rwb=1 sync=0
a=0x01D3 rwb=1 sync=0
a=0xFFFC rwb=1 sync=0
a=0xFFFD rwb=1 sync=0
a=0x0300 rwb=1 sync=1
a=0x0301 rwb=1 sync=0
a=0x0302 rwb=1 sync=1
a=0x0303 rwb=1 sync=0
a=0x0304 rwb=1 sync=0
a=0xCAFE rwb=0 d=0x05 sync=0
a=0x0305 rwb=1 sync=1
a=0x0306 rwb=1 sync=0
a=0x0306 rwb=1 sync=1
a=0x0307 rwb=1 sync=0
a=0x0308 rwb=1 sync=0
a=0x0302 rwb=1 sync=1
a=0x0303 rwb=1 sync=0
a=0x0304 rwb=1 sync=0
a=0xCAFE rwb=0 d=0x04 sync=0
a=0x0305 rwb=1 sync=1
a=0x0306 rwb=1 sync=0
a=0x0306 rwb=1 sync=1
a=0x0307 rwb=1 sync=0
a=0x0308 rwb=1 sync=0
a=0x0302 rwb=1 sync=1
a=0x0303 rwb=1 sync=0
a=0x0304 rwb=1 sync=0
a=0xCAFE rwb=0 d=0x03 sync=0
a=0x0305 rwb=1 sync=1
a=0x0306 rwb=1 sync=0
a=0x0306 rwb=1 sync=1
a=0x0307 rwb=1 sync=0
a=0x0308 rwb=1 sync=0
a=0x0302 rwb=1 sync=1
a=0x0303 rwb=1 sync=0
a=0x0304 rwb=1 sync=0
a=0xCAFE rwb=0 d=0x02 sync=0
a=0x0305 rwb=1 sync=1
a=0x0306 rwb=1 sync=0
a=0x0306 rwb=1 sync=1
a=0x0307 rwb=1 sync=0
a=0x0308 rwb=1 sync=0
a=0x0302 rwb=1 sync=1
a=0x0303 rwb=1 sync=0
a=0x0304 rwb=1 sync=0
a=0xCAFE rwb=0 d=0x01 sync=0
a=0x0305 rwb=1 sync=1
a=0x0306 rwb=1 sync=0
a=0x0306 rwb=1 sync=1
a=0x0307 rwb=1 sync=0
a=0x0308 rwb=1 sync=0
a=0x0302 rwb=1 sync=1
a=0x0303 rwb=1 sync=0
a=0x0304 rwb=1 sync=0
a=0xCAFE rwb=0 d=0x00 sync=0
a=0x0305 rwb=1 sync=1
a=0x0306 rwb=1 sync=0
a=0x0306 rwb=1 sync=1
a=0x0307 rwb=1 sync=0
a=0x0308 rwb=1 sync=0
a=0x0302 rwb=1 sync=1
a=0x0303 rwb=1 sync=0
a=0x0304 rwb=1 sync=0
a=0xCAFE rwb=0 d=0xFF sync=0
a=0x0305 rwb=1 sync=1
a=0x0306 rwb=1 sync=0
a=0x0306 rwb=1 sync=1
a=0x0307 rwb=1 sync=0
a=0x0308 rwb=1 sync=0
a=0x0302 rwb=1 sync=1
a=0x0303 rwb=1 sync=0
a=0x0304 rwb=1 sync=0
a=0xCAFE rwb=0 d=0xFE sync=0
a=0x0305 rwb=1 sync=1
a=0x0306 rwb=1 sync=0
a=0x0306 rwb=1 sync=1
a=0x0307 rwb=1 sync=0
a=0x0308 rwb=1 sync=0
a=0x0302 rwb=1 sync=1
a=0x0303 rwb=1 sync=0
a=0x0304 rwb=1 sync=0
a=0xCAFE rwb=0 d=0xFD sync=0
a=0x0305 rwb=1 sync=1
a=0x0306 rwb=1 sync=0
a=0x0306 rwb=1 sync=1
a=0x0307 rwb=1 sync=0
a=0x0308 rwb=1 sync=0
a=0x0302 rwb=1 sync=1
a=0x0303 rwb=1 sync=0
a=0x0304 rwb=1 sync=0
a=0xCAFE rwb=0 d=0xFC sync=0
a=0x0305 rwb=1 sync=1
a=0x0306 rwb=1 sync=0
a=0x0306 rwb=1 sync=1
a=0x0307 rwb=1 sync=0
a=0x0308 rwb=1 sync=0
===END SIGNED DATA===
Signature=s9PA4x70c9syVycwCcC78zH+ksrFAoaHKZd5CP1GT4ifnh338ozlcDtXamz8qEpkYwPK5553kNvWUOcMD9pWng==
