Success:
===BEGIN SIGNED DATA===
ChipSignature=6502_0.1
InputSha256=MvzzpoaCSteaagyGoF7SpWBOIUp8elyJF280PVuaP8g=
a=0x01EC rwb=1 sync=0
a=0xFFFF rwb=1 sync=1
a=0x0306 rwb=1 sync=0
a=0x01EC rwb=1 sync=0
a=0x01EB rwb=1 sync=0
a=0x01EA rwb=1 sync=0
a=0xFFFC rwb=1 sync=0
a=0xFFFD rwb=1 sync=0
a=0x0300 rwb=1 sync=1
a=0x0301 rwb=1 sync=0
a=0x0302 rwb=1 sync=1
a=0x0303 rwb=1 sync=0
a=0x0303 rwb=1 sync=1
a=0x0304 rwb=1 sync=0
a=0x0305 rwb=1 sync=0
a=0x0302 rwb=1 sync=1
a=0x0303 rwb=1 sync=0
a=0x0303 rwb=1 sync=1
a=0x0304 rwb=1 sync=0
a=0x0305 rwb=1 sync=0
a=0x0302 rwb=1 sync=1
a=0x0303 rwb=1 sync=0
a=0x0303 rwb=1 sync=1
a=0x0304 rwb=1 sync=0
a=0x0305 rwb=1 sync=0
a=0x0302 rwb=1 sync=1
a=0x0303 rwb=1 sync=0
a=0x0303 rwb=1 sync=1
a=0x0304 rwb=1 sync=0
a=0x0305 rwb=1 sync=0
a=0x0302 rwb=1 sync=1
a=0x0303 rwb=1 sync=0
a=0x0303 rwb=1 sync=1
a=0x0304 rwb=1 sync=0
a=0x0305 rwb=1 sync=0
a=0x0302 rwb=1 sync=1
a=0x0303 rwb=1 sync=0
a=0x0303 rwb=1 sync=1
a=0x0304 rwb=1 sync=0
a=0x0305 rwb=1 sync=0
a=0x0302 rwb=1 sync=1
a=0x0303 rwb=1 sync=0
a=0x0303 rwb=1 sync=1
a=0x0304 rwb=1 sync=0
a=0x0305 rwb=1 sync=0
a=0x0302 rwb=1 sync=1
a=0x0303 rwb=1 sync=0
a=0x0303 rwb=1 sync=1
a=0x0304 rwb=1 sync=0
a=0x0305 rwb=1 sync=0
a=0x0302 rwb=1 sync=1
a=0x0303 rwb=1 sync=0
a=0x0303 rwb=1 sync=1
a=0x0304 rwb=1 sync=0
a=0x0305 rwb=1 sync=0
a=0x0302 rwb=1 sync=1
a=0x0303 rwb=1 sync=0
a=0x0303 rwb=1 sync=1
a=0x0304 rwb=1 sync=0
a=0x0305 rwb=1 sync=0
a=0x0302 rwb=1 sync=1
a=0x0303 rwb=1 sync=0
a=0x0303 rwb=1 sync=1
a=0x0304 rwb=1 sync=0
a=0x0305 rwb=1 sync=0
a=0x0302 rwb=1 sync=1
a=0x0303 rwb=1 sync=0
a=0x0303 rwb=1 sync=1
a=0x0304 rwb=1 sync=0
a=0x0305 rwb=1 sync=0
a=0x0302 rwb=1 sync=1
a=0x0303 rwb=1 sync=0
a=0x0303 rwb=1 sync=1
a=0x0304 rwb=1 sync=0
a=0x0305 rwb=1 sync=0
a=0x0302 rwb=1 sync=1
a=0x0303 rwb=1 sync=0
a=0x0303 rwb=1 sync=1
a=0x0304 rwb=1 sync=0
a=0x0305 rwb=1 sync=0
a=0x0302 rwb=1 sync=1
a=0x0303 rwb=1 sync=0
a=0x0303 rwb=1 sync=1
a=0x0304 rwb=1 sync=0
a=0x0305 rwb=1 sync=0
a=0x0302 rwb=1 sync=1
a=0x0303 rwb=1 sync=0
a=0x0303 rwb=1 sync=1
a=0x0304 rwb=1 sync=0
a=0x0305 rwb=1 sync=0
a=0x0302 rwb=1 sync=1
a=0x0303 rwb=1 sync=0
a=0x0303 rwb=1 sync=1
a=0x0304 rwb=1 sync=0
a=0x0305 rwb=1 sync=0
a=0x0302 rwb=1 sync=1
a=0x0303 rwb=1 sync=0
a=0x0303 rwb=1 sync=1
a=0x0304 rwb=1 sync=0
a=0x0305 rwb=1 sync=0
===END SIGNED DATA===
Signature=OEvFBhFBhIY4gfPa2K1/bX4YiMKxrps9bKwqhsXoxqohz2xnLLhXEztngWJn736NrCnx3XAQh55cp0mKLy6QGg==
