Success:
===BEGIN SIGNED DATA===
ChipSignature=6502_0.1
InputSha256=awLMoKXT8detKlQjqXDM6AIY7z1hf/9hyxvrdVBm8iA=
a=0x0308 rwb=1 sync=0
a=0xFFFF rwb=1 sync=1
a=0x0309 rwb=1 sync=0
a=0x01DE rwb=1 sync=0
a=0x01DD rwb=1 sync=0
a=0x01DC rwb=1 sync=0
a=0xFFFC rwb=1 sync=0
a=0xFFFD rwb=1 sync=0
a=0x0300 rwb=1 sync=1
a=0x0301 rwb=1 sync=0
a=0x0302 rwb=1 sync=1
a=0x0303 rwb=1 sync=0
a=0x0304 rwb=1 sync=0
a=0x0308 rwb=1 sync=1
a=0x0309 rwb=1 sync=0
a=0x030A rwb=1 sync=0
a=0x0308 rwb=1 sync=1
a=0x0309 rwb=1 sync=0
a=0x030A rwb=1 sync=0
a=0x0308 rwb=1 sync=1
a=0x0309 rwb=1 sync=0
a=0x030A rwb=1 sync=0
a=0x0308 rwb=1 sync=1
a=0x0309 rwb=1 sync=0
a=0x030A rwb=1 sync=0
a=0x0308 rwb=1 sync=1
a=0x0309 rwb=1 sync=0
a=0x030A rwb=1 sync=0
a=0x0308 rwb=1 sync=1
a=0x0309 rwb=1 sync=0
a=0x030A rwb=1 sync=0
a=0x0308 rwb=1 sync=1
a=0x0309 rwb=1 sync=0
a=0x030A rwb=1 sync=0
a=0x0308 rwb=1 sync=1
a=0x0309 rwb=1 sync=0
a=0x030A rwb=1 sync=0
a=0x0308 rwb=1 sync=1
a=0x0309 rwb=1 sync=0
a=0x030A rwb=1 sync=0
a=0x0308 rwb=1 sync=1
a=0x0309 rwb=1 sync=0
a=0x030A rwb=1 sync=0
a=0x0308 rwb=1 sync=1
a=0x0309 rwb=1 sync=0
a=0x030A rwb=1 sync=0
a=0x0308 rwb=1 sync=1
a=0x0309 rwb=1 sync=0
a=0x030A rwb=1 sync=0
a=0x0308 rwb=1 sync=1
a=0x0309 rwb=1 sync=0
a=0x030A rwb=1 sync=0
a=0x0308 rwb=1 sync=1
a=0x0309 rwb=1 sync=0
a=0x030A rwb=1 sync=0
a=0x0308 rwb=1 sync=1
a=0x0309 rwb=1 sync=0
a=0x030A rwb=1 sync=0
a=0x0308 rwb=1 sync=1
a=0x0309 rwb=1 sync=0
a=0x030A rwb=1 sync=0
a=0x0308 rwb=1 sync=1
a=0x0309 rwb=1 sync=0
a=0x030A rwb=1 sync=0
a=0x0308 rwb=1 sync=1
a=0x0309 rwb=1 sync=0
a=0x030A rwb=1 sync=0
a=0x0308 rwb=1 sync=1
a=0x0309 rwb=1 sync=0
a=0x030A rwb=1 sync=0
a=0x0308 rwb=1 sync=1
a=0x0309 rwb=1 sync=0
a=0x030A rwb=1 sync=0
a=0x0308 rwb=1 sync=1
a=0x0309 rwb=1 sync=0
a=0x030A rwb=1 sync=0
a=0x0308 rwb=1 sync=1
a=0x0309 rwb=1 sync=0
a=0x030A rwb=1 sync=0
a=0x0308 rwb=1 sync=1
a=0x0309 rwb=1 sync=0
a=0x030A rwb=1 sync=0
a=0x0308 rwb=1 sync=1
a=0x0309 rwb=1 sync=0
a=0x030A rwb=1 sync=0
a=0x0308 rwb=1 sync=1
a=0x0309 rwb=1 sync=0
a=0x030A rwb=1 sync=0
a=0x0308 rwb=1 sync=1
a=0x0309 rwb=1 sync=0
a=0x030A rwb=1 sync=0
a=0x0308 rwb=1 sync=1
a=0x0309 rwb=1 sync=0
a=0x030A rwb=1 sync=0
a=0x0308 rwb=1 sync=1
a=0x0309 rwb=1 sync=0
a=0x030A rwb=1 sync=0
a=0x0308 rwb=1 sync=1
a=0x0309 rwb=1 sync=0
a=0x030A rwb=1 sync=0
===END SIGNED DATA===
Signature=PLDm6h3tpGuX0Tpdulp/+FE9/IgZ9QYnQY4tcd1+7vbP7FUjx//NTjAWiuZiYUz1Gnr8qR+eO+Y0knxCV9jgKg==
