Success:
===BEGIN SIGNED DATA===
ChipSignature=6502_0.1
InputSha256=T4X73Sz9k5eNmNMnUU4y3GsIM2ma9w8VGpNWlTVxgCI=
a=0x0308 rwb=1 sync=0
a=0xFFFF rwb=1 sync=1
a=0x0309 rwb=1 sync=0
a=0x01DB rwb=1 sync=0
a=0x01DA rwb=1 sync=0
a=0x01D9 rwb=1 sync=0
a=0xFFFC rwb=1 sync=0
a=0xFFFD rwb=1 sync=0
a=0x0300 rwb=1 sync=1
a=0x0301 rwb=1 sync=0
a=0x0302 rwb=1 sync=1
a=0x0303 rwb=1 sync=0
a=0x0303 rwb=1 sync=1
a=0x0304 rwb=1 sync=0
a=0x0305 rwb=1 sync=0
a=0x0302 rwb=1 sync=1
a=0x0303 rwb=1 sync=0
a=0x0303 rwb=1 sync=1
a=0x0304 rwb=1 sync=0
a=0x0305 rwb=1 sync=0
a=0x0302 rwb=1 sync=1
a=0x0303 rwb=1 sync=0
a=0x0303 rwb=1 sync=1
a=0x0304 rwb=1 sync=0
a=0x0305 rwb=1 sync=0
a=0x0302 rwb=1 sync=1
a=0x0303 rwb=1 sync=0
a=0x0303 rwb=1 sync=1
a=0x0304 rwb=1 sync=0
a=0x0305 rwb=1 sync=0
a=0x0302 rwb=1 sync=1
a=0x0303 rwb=1 sync=0
a=0x0303 rwb=1 sync=1
a=0x0304 rwb=1 sync=0
a=0x0305 rwb=1 sync=0
a=0x0302 rwb=1 sync=1
a=0x0303 rwb=1 sync=0
a=0x0303 rwb=1 sync=1
a=0x0304 rwb=1 sync=0
a=0x0305 rwb=1 sync=0
a=0x0302 rwb=1 sync=1
a=0x0303 rwb=1 sync=0
a=0x0303 rwb=1 sync=1
a=0x0304 rwb=1 sync=0
a=0x0305 rwb=1 sync=0
a=0x0302 rwb=1 sync=1
a=0x0303 rwb=1 sync=0
a=0x0303 rwb=1 sync=1
a=0x0304 rwb=1 sync=0
a=0x0305 rwb=1 sync=0
a=0x0302 rwb=1 sync=1
a=0x0303 rwb=1 sync=0
a=0x0303 rwb=1 sync=1
a=0x0304 rwb=1 sync=0
a=0x0305 rwb=1 sync=0
a=0x0302 rwb=1 sync=1
a=0x0303 rwb=1 sync=0
a=0x0303 rwb=1 sync=1
a=0x0304 rwb=1 sync=0
a=0x0305 rwb=1 sync=0
a=0x0302 rwb=1 sync=1
a=0x0303 rwb=1 sync=0
a=0x0303 rwb=1 sync=1
a=0x0304 rwb=1 sync=0
a=0x0305 rwb=1 sync=0
a=0x0302 rwb=1 sync=1
a=0x0303 rwb=1 sync=0
a=0x0303 rwb=1 sync=1
a=0x0304 rwb=1 sync=0
a=0x0305 rwb=1 sync=0
a=0x0302 rwb=1 sync=1
a=0x0303 rwb=1 sync=0
a=0x0303 rwb=1 sync=1
a=0x0304 rwb=1 sync=0
a=0x0305 rwb=1 sync=0
a=0x0302 rwb=1 sync=1
a=0x0303 rwb=1 sync=0
a=0x0303 rwb=1 sync=1
a=0x0304 rwb=1 sync=0
a=0x0305 rwb=1 sync=0
a=0x0302 rwb=1 sync=1
a=0x0303 rwb=1 sync=0
a=0x0303 rwb=1 sync=1
a=0x0304 rwb=1 sync=0
a=0x0305 rwb=1 sync=0
a=0x0302 rwb=1 sync=1
a=0x0303 rwb=1 sync=0
a=0x0303 rwb=1 sync=1
a=0x0304 rwb=1 sync=0
a=0x0305 rwb=1 sync=0
a=0x0302 rwb=1 sync=1
a=0x0303 rwb=1 sync=0
a=0x0303 rwb=1 sync=1
a=0x0304 rwb=1 sync=0
a=0x0305 rwb=1 sync=0
a=0x0302 rwb=1 sync=1
a=0x0303 rwb=1 sync=0
a=0x0303 rwb=1 sync=1
a=0x0304 rwb=1 sync=0
a=0x0305 rwb=1 sync=0
===END SIGNED DATA===
Signature=GJwsjtkDvrNeODBVAfucu1/exzyXfav5AywNX8crm7F8aCVSCtKEp9lzTZhd1LXTcPxgafOBgp96ipedZKAlDQ==
