Success:
===BEGIN SIGNED DATA===
ChipSignature=6502_0.1
InputSha256=C4ocUbEY8A2/HcYfg6/INiQDAHY8S545DszX7deMDNg=
a=0x0302 rwb=1 sync=0
a=0xFFFF rwb=1 sync=1
a=0x0303 rwb=1 sync=0
a=0x01CF rwb=1 sync=0
a=0x01CE rwb=1 sync=0
a=0x01CD rwb=1 sync=0
a=0xFFFC rwb=1 sync=0
a=0xFFFD rwb=1 sync=0
a=0x0300 rwb=1 sync=1
a=0x0301 rwb=1 sync=0
a=0x0302 rwb=1 sync=1
a=0x0303 rwb=1 sync=0
a=0x0304 rwb=1 sync=0
a=0xCAFE rwb=0 d=0x05 sync=0
a=0x0305 rwb=1 sync=1
a=0x0306 rwb=1 sync=0
a=0x0306 rwb=1 sync=1
a=0x0307 rwb=1 sync=0
a=0x01CC rwb=0 d=0x35 sync=0
a=0x0307 rwb=1 sync=1
a=0x0308 rwb=1 sync=0
a=0x0309 rwb=1 sync=0
a=0x0302 rwb=1 sync=1
a=0x0303 rwb=1 sync=0
a=0x0304 rwb=1 sync=0
a=0xCAFE rwb=0 d=0x04 sync=0
a=0x0305 rwb=1 sync=1
a=0x0306 rwb=1 sync=0
a=0x0306 rwb=1 sync=1
a=0x0307 rwb=1 sync=0
a=0x01CB rwb=0 d=0x35 sync=0
a=0x0307 rwb=1 sync=1
a=0x0308 rwb=1 sync=0
a=0x0309 rwb=1 sync=0
a=0x0302 rwb=1 sync=1
a=0x0303 rwb=1 sync=0
a=0x0304 rwb=1 sync=0
a=0xCAFE rwb=0 d=0x03 sync=0
a=0x0305 rwb=1 sync=1
a=0x0306 rwb=1 sync=0
a=0x0306 rwb=1 sync=1
a=0x0307 rwb=1 sync=0
a=0x01CA rwb=0 d=0x35 sync=0
a=0x0307 rwb=1 sync=1
a=0x0308 rwb=1 sync=0
a=0x0309 rwb=1 sync=0
a=0x0302 rwb=1 sync=1
a=0x0303 rwb=1 sync=0
a=0x0304 rwb=1 sync=0
a=0xCAFE rwb=0 d=0x02 sync=0
a=0x0305 rwb=1 sync=1
a=0x0306 rwb=1 sync=0
a=0x0306 rwb=1 sync=1
a=0x0307 rwb=1 sync=0
a=0x01C9 rwb=0 d=0x35 sync=0
a=0x0307 rwb=1 sync=1
a=0x0308 rwb=1 sync=0
a=0x0309 rwb=1 sync=0
a=0x0302 rwb=1 sync=1
a=0x0303 rwb=1 sync=0
a=0x0304 rwb=1 sync=0
a=0xCAFE rwb=0 d=0x01 sync=0
a=0x0305 rwb=1 sync=1
a=0x0306 rwb=1 sync=0
a=0x0306 rwb=1 sync=1
a=0x0307 rwb=1 sync=0
a=0x01C8 rwb=0 d=0x37 sync=0
a=0x0307 rwb=1 sync=1
a=0x0308 rwb=1 sync=0
a=0x0309 rwb=1 sync=0
a=0x0302 rwb=1 sync=1
a=0x0303 rwb=1 sync=0
a=0x0304 rwb=1 sync=0
a=0xCAFE rwb=0 d=0x00 sync=0
a=0x0305 rwb=1 sync=1
a=0x0306 rwb=1 sync=0
a=0x0306 rwb=1 sync=1
a=0x0307 rwb=1 sync=0
a=0x01C7 rwb=0 d=0xB5 sync=0
a=0x0307 rwb=1 sync=1
a=0x0308 rwb=1 sync=0
a=0x0309 rwb=1 sync=0
a=0x0302 rwb=1 sync=1
a=0x0303 rwb=1 sync=0
a=0x0304 rwb=1 sync=0
a=0xCAFE rwb=0 d=0xFF sync=0
a=0x0305 rwb=1 sync=1
a=0x0306 rwb=1 sync=0
a=0x0306 rwb=1 sync=1
a=0x0307 rwb=1 sync=0
a=0x01C6 rwb=0 d=0xB5 sync=0
a=0x0307 rwb=1 sync=1
a=0x0308 rwb=1 sync=0
a=0x0309 rwb=1 sync=0
a=0x0302 rwb=1 sync=1
a=0x0303 rwb=1 sync=0
a=0x0304 rwb=1 sync=0
a=0xCAFE rwb=0 d=0xFE sync=0
a=0x0305 rwb=1 sync=1
a=0x0306 rwb=1 sync=0
===END SIGNED DATA===
Signature=eOvuJrqk+UnKYqqEPm3KN4K3PAvx2LjwdQOVrPV+l3dlzXuafzeJmxdCqRuJz5X0tB5eQQnxLFLfZGVdea0jnw==
