===BEGIN SIGNED DATA===
ChipSignature=6502_0.1
InputSha256=YVdDnQLjPHXRhJumMvw+UWR+QBUegwM81zjZ3Z+u5Ak=
a=0x0009 rwb=1 sync=0
a=0xFFFF rwb=1 sync=1
a=0x000A rwb=1 sync=0
a=0x01C5 rwb=1 sync=0
a=0x01C4 rwb=1 sync=0
a=0x01C3 rwb=1 sync=0
a=0xFFFC rwb=1 sync=0
a=0xFFFD rwb=1 sync=0
a=0x0000 rwb=1 sync=1
a=0x0001 rwb=1 sync=0
a=0x0002 rwb=1 sync=1
a=0x0003 rwb=1 sync=0
a=0x0004 rwb=1 sync=0
a=0xCAFE rwb=0 d=0xFA sync=0
a=0x0005 rwb=1 sync=1
a=0x0006 rwb=1 sync=0
a=0x0006 rwb=1 sync=1
a=0x0007 rwb=1 sync=0
a=0x0008 rwb=1 sync=0
a=0x0002 rwb=1 sync=1
a=0x0003 rwb=1 sync=0
a=0x0004 rwb=1 sync=0
a=0xCAFE rwb=0 d=0xFB sync=0
a=0x0005 rwb=1 sync=1
a=0x0006 rwb=1 sync=0
a=0x0006 rwb=1 sync=1
a=0x0007 rwb=1 sync=0
a=0x0008 rwb=1 sync=0
a=0x0002 rwb=1 sync=1
a=0x0003 rwb=1 sync=0
a=0x0004 rwb=1 sync=0
a=0xCAFE rwb=0 d=0xFC sync=0
a=0x0005 rwb=1 sync=1
a=0x0006 rwb=1 sync=0
a=0x0006 rwb=1 sync=1
a=0x0007 rwb=1 sync=0
a=0x0008 rwb=1 sync=0
a=0x0002 rwb=1 sync=1
a=0x0003 rwb=1 sync=0
a=0x0004 rwb=1 sync=0
a=0xCAFE rwb=0 d=0xFD sync=0
a=0x0005 rwb=1 sync=1
a=0x0006 rwb=1 sync=0
a=0x0006 rwb=1 sync=1
a=0x0007 rwb=1 sync=0
a=0x0008 rwb=1 sync=0
a=0x0002 rwb=1 sync=1
a=0x0003 rwb=1 sync=0
a=0x0004 rwb=1 sync=0
a=0xCAFE rwb=0 d=0xFE sync=0
a=0x0005 rwb=1 sync=1
a=0x0006 rwb=1 sync=0
a=0x0006 rwb=1 sync=1
a=0x0007 rwb=1 sync=0
a=0x0008 rwb=1 sync=0
a=0x0002 rwb=1 sync=1
a=0x0003 rwb=1 sync=0
a=0x0004 rwb=1 sync=0
a=0xCAFE rwb=0 d=0xFF sync=0
a=0x0005 rwb=1 sync=1
a=0x0006 rwb=1 sync=0
a=0x0006 rwb=1 sync=1
a=0x0007 rwb=1 sync=0
a=0x0008 rwb=1 sync=0
a=0x0002 rwb=1 sync=1
a=0x0003 rwb=1 sync=0
a=0x0004 rwb=1 sync=0
a=0xCAFE rwb=0 d=0x00 sync=0
a=0x0005 rwb=1 sync=1
a=0x0006 rwb=1 sync=0
a=0x0006 rwb=1 sync=1
a=0x0007 rwb=1 sync=0
a=0x0008 rwb=1 sync=0
a=0x0002 rwb=1 sync=1
a=0x0003 rwb=1 sync=0
a=0x0004 rwb=1 sync=0
a=0xCAFE rwb=0 d=0x01 sync=0
a=0x0005 rwb=1 sync=1
a=0x0006 rwb=1 sync=0
a=0x0006 rwb=1 sync=1
a=0x0007 rwb=1 sync=0
a=0x0008 rwb=1 sync=0
a=0x0002 rwb=1 sync=1
a=0x0003 rwb=1 sync=0
a=0x0004 rwb=1 sync=0
a=0xCAFE rwb=0 d=0x02 sync=0
a=0x0005 rwb=1 sync=1
a=0x0006 rwb=1 sync=0
a=0x0006 rwb=1 sync=1
a=0x0007 rwb=1 sync=0
a=0x0008 rwb=1 sync=0
a=0x0002 rwb=1 sync=1
a=0x0003 rwb=1 sync=0
a=0x0004 rwb=1 sync=0
a=0xCAFE rwb=0 d=0x03 sync=0
a=0x0005 rwb=1 sync=1
a=0x0006 rwb=1 sync=0
a=0x0006 rwb=1 sync=1
a=0x0007 rwb=1 sync=0
a=0x0008 rwb=1 sync=0
===END SIGNED DATA===
Signature=SGnq8fkJw7uRlE5FRYK2Wfj38ABLAGGEX6//hYd6l+JNMXAACRW2WgOE8ReztT1ZPMOlqdNNsoCJqQHmFGGTwQ==


